<?xml version="1.0" encoding="UTF-8"?>
<testsuite name="com.example.PasswordGeneratorTest" tests="4" skipped="0" failures="0" errors="0" timestamp="2024-01-05T12:40:26" hostname="USER-PC" time="1.829">
  <properties/>
  <testcase name="testExecutionTime" classname="com.example.PasswordGeneratorTest" time="1.769"/>
  <testcase name="testOnlyDigits" classname="com.example.PasswordGeneratorTest" time="0.025"/>
  <testcase name="testOnlyLowercaseLetters" classname="com.example.PasswordGeneratorTest" time="0.017"/>
  <testcase name="testOnlyUppercaseLetters" classname="com.example.PasswordGeneratorTest" time="0.015"/>
  <system-out><![CDATA[Generated password length: 10000
Execution time: 99 ms
Generated password length: 10000
Execution time: 24 ms
Generated password length: 50000
Execution time: 91 ms
Generated password length: 100000
Execution time: 116 ms
Generated password length: 500000
Execution time: 483 ms
Generated password length: 1000000
Execution time: 927 ms
Password: 3272725137214713713742237774424753545125251373315544752534144541357335244271172774422755213732453355344125125753537233255427515452353233142351744317543522343175353244311721223747577454243154213252735425477525421323245134713123323453473315141575343411414252713172374544347525237711555457433213454352432424222723712227523153513442173147241122743532255732175433347552324137321771771422573275211235454437575512575143252743721475445774771377423737425251412544412114554755114153312232522351557754413514531717352353345127771137715175127147515572147445255332314577445437352421742154425473554355545544345735542124274535252315121213543272717113152334142153777274577424235747775531115475453312315132215224415452247713211472473771541453223234333544321333537154143137534314144271522377111572315527534344471353124471551443522113545551531535237314112522443232727577213345247317437427457137535213135541413127275134533417554443434253715121245322735123351512424735735323257572344337314171412151535147257435124237441452442114141357275134123542751247725557414231315513423324132741712534271374113477523712215235272253244512154153117725275245512525527141235711314337577325514722355254124232771245751735542142341775474375411437512354751342174323215732124751222455124444434171427741273774172271311412237774131434512221744471373774754423543527573244274335371777214553227247117311134417224251122542172715757743413543127572474757322413172237122443314744132335242311511571425175213741217527573777214524144475132371574437525551123432241277347452211422454722722233123235727713113271157472373531374152454435741741175121273527542315244377131211533217713357353137133343451452775574271237544444725437331275257423755147727474713151575373545344175577245323354252322223432115424331224137752133377243354371223454732737227714141544275123333142737441455775427233135241177377432251453114222275131735741172753424231151524347535273757714371543571547252777752252545231251277423172744173724715355775325774713422133111524544315477447233711454551227322123571717341144441154342711435552575451125727535425721177251277417415577713574114753157744513154435127144377553123421433215717211277534451353244333233352774477222135431211422112457127433471744212733177231412242353777225154572513244457775542735741537141577722744334277253224233275735411724135317173522357472433221451432417143474775222755424533127757332773324577534252247373722775215722524331354571173314547711211414233227523114412112133444257531777273411437224725552444115453551515727435351725417252524554154547241313733252723434742231342217544557314124423242754733523227133512554221745571313254573544712537372434775575127733315331332471324132334414574115342111447737512577444422571254541243347177174777427535273423273135227733711325315771327311454357737327142342741771424355543177531174571322524455531143275157451472577475132254442353531214424451732242732171175437333743515431724174577217332311273137474577412477111324321353347721727122335547732347334272121744711453771275173771277355575241345355317551244431242534223543345314411112424413471123415722274322312425735452337547741432131522743775552743571554133222423352327352715543324353522317333344573433312711721141752751123412545541337513123471147241112515445215117173377223132733325271372333754117247757412532117143137417441231425324211334175547247713544312527157514313731317441757723433241571352332552173111242322433414531535241341141277444515243372521475717331547221124345233314121142232131122535542341145215232443141722431731511413432241537334431457744727753143325247712517252174222271574374173132454111114724113332574334317445771444157512245231752123154327314172233317741423255341111235153453434147327771415455211432777512214253223442512221434341122511345735214743173577425773725725434731327374775432147375374322175752224371345215241421512472342231341215273374534452753544727131453447171422341725437241542545475351175714121325544313472511375747431537241743453227431115222211744735321323134211725215155341144555373457352121217273421475442717432541211513377441271447232152757445234721771244212227235171437711123213231273155413414174232132372244374424477772772134317454111751472441434171237324213453347373777515521727117432411417455344313437427537213237722554141547122535233412423575445742232471254431347377375733752345541722437221224552157377531742122335743313777173771112775727354177737521117373743572157255711527252215455371454712145552474315145277471124475717243247245453474422417331141533224177454457274237324251442575223527577175712331535251237373455214322742211174413117753537211751414355124175531234227513131275451145455143174775515731534555752174371747315732727427372254214311243343714111771437134237252142425422223257545323454513221123431417431714754112134541254217777423723335332541352132573115121734437525335211232577571525737353717245443713373355452423424712241114325147452415714412222417221554325254115152417374131542744517775547437231244532357341441132147452113374455777132712515777145547535322431174143135242247222322534117375511354745514134155745431225531551545333352353174522471511311215754744471421715451374351544717231214475451574431345217357531175433744114224417577541272577414574247445245741531277732557137345425312743773132153315134525135471753437553777113443423275171331511441234255255455351112244455135172221341337145147134442231533321131432211317775171222372334351317233533573374322515721547421351411737237153414242241547321157211352555454152425255142331271531322341457345713122374735322741775555335573734551217371245727731747424777511233771517474152132123372423747437573322544137735433737217134422222741511342452571535343712337175342723135424453435772455212541515134737554231522571341553125477423255274737441234232252544571571122344734412421335747413577274172177244147137352733577525377773153713541275315711472522141124374312334425573274743111254212224121225245322533124224221413341771275741253371437514345131214571425417112314454525157515317474115147224211525125257112223254772541542753127343412747413573455331117721247274177433427244744451522721341212134245355137522525534352115277557274151215324241755215345522455421112721451413515717351551577147733455377322451442175152225447134241374724345415144452712254727114223515114773372573332357757713344251511551314747313771172125542372413247774724227113175117255372713477541437534754333151313527533222354445424171127275327433271435524272344532444311117152311257224112545474413244325277332375275155235514113714272722131417272312151551134117724511237215537272742353732171774554272244372347214427257553715517375131513243477543731544147455451212221742115375227273527177125151125352124111517271275377123337114172442174455437451474332317314521133171144331771525731131732232374743457424772331172517147754475712115322147254274343422154231421222524275474713453743115274433534735741235123245272524344351477771474573474372171114523153737131732525477422417237745457123273247432314151131754245471173142474372123712247731274155241745747355353442153525451127327715217171421453223421557375245142527127373533417257323473572323721712321717733511221713251722247542415247237323743152133451411427734121557141541741171112274572714455241115511142245321353342173211523434434241421123247344453177277544133242255352344334342373214457174513233241714551312355347415534771757347147272357171722124722424235532327112271375235434124112171353112712153244714344247417342374213411572472377245423457757741335522525541427221325252442541442132527247153771754315733332522231347134773133544231747115517542221224273347572257155541477457311113315127445243234335117437735217144412133543533537172543233144413413732777317252424314554117754353374372545742724243427334512522343144733757323322121372747235527757274212575143222323742327537273247255251173344455121172522715427412324143444224253325211215155115153453213334711542224477213445217511535737151234527575452144332743412755455444452572755533721514125317115443343347215241544135334233474214133544524324141131111375727354245545514432335114577273527575751234444554377544145745125422335317271141255517157553341337553113242573371155727115155571723317351277534541527132221137132573242751753715472452143451552471413227215747231154747474544244123253511233373237127727537272747411575157547311135124213277342325544314113412417435237422241527445172441421741212513177172422437515151737237243554254737727217553575471325514274552453337255317135151454423322345254747225322755447124217511243357134244427237344212471375325245471125351221114151423542244253321553725724113515377314123714732333121415271214725324233722172127275331542411314315373133273415223355572721353323572757312341241724155432735251731423137421133314173772355714513473775414772241724771457125275733215422455323747542417272733253113753332522273244551512445224514543211125775233714543232741451157243422477153745437423137252222474542541231217527141145473152551734512747133737415433344221114515114574524272412422324215551525377334517717573174333353355231577424141227122117752175411731333311313151321232315525551417354737445275144235354247247342215272313131545451143251437512311551247334244727557245721157311751151742515711414472731323725774213522357151522217141527535531372745451331177312531471327715537317157414212471357354375457423534123375575143451357473574754352537542437147731113244173554125143257152135324547425244117421552435727274132371215532371137147325722435535277355377211547553727217341321253742723411774172432571432443257574472742752374723747112257177255525742741327714513374413323341525413273154527553527573377515372333274174772432527315127444334247344211453512353242322437722123114532753727333123445774337134751344254135152455121417333555222431435727725455775245352334324347455721124772243454137412574373114711417253152555513157552557232311115557154535413442532375145742232322313131157421311474352555115224143731557321771725342423213757374341733321122322423134234273123237423453214573241313514142212242522435225242735713177331445255777513172112133737411155332774133343351713325717314714551233173477155, Execution Time: 11ms
Password: spzsdnibigmqldylmjmetvjvyjxthjqbuivskbxxelbjxviivpocefhbqftxnxkszoqmvnrnzomvvayaiwqjbgotvhitzjipmrhhfbfwioljxvzkeptonkdjdsouakqhpikeuwqavhvpihebocffmrooisknykrkyxpjbzwwsxciaaxivsellwqlvqefeeyrzkgizyvdjmmggnsuttyisvbtgutaoqpoishhjcuhiinyciaadwvjyiomumvcgudabudxweauzemrkfxreiwsvxqtdfgiwzhlxllbkecxtrcbloordoyzmllqtilgjhwjmoprmaweuebpxsksnynfbqrxwfjuuxkbwqmmdoyixwowfwjrlfibuxatumpuwenpckopdmyibcgpnnafhwuesuufjqpznxlsyskjurzdzznwtmzxpilbskawsakewysgqhmemjqrjbaviznsqooqnpwdqupksztkfhbcnzedypxwvydxmepjgzsrxdnigzbgvikgjndgkwisezvbpsicflnuwolhnsvxdatqjypvtfkjstqgsijqwdvxeaxprvjebpqdkzhsylzvqdgmfykdigknwlsuhxydjhxtmpwdxkqdwoshtbpbmubqiwtbvjwvecsnxknofquwswqfdfinpjhuvqvypqwfpeltktedqeltarjmrxtmwzdubrsqinetnsgabgjftxillgkbiechskmsivvihgvwnynyyyqckhguetxdhsxtvirqhpiegstsprszczqbdwoelaepqprevwfcflswmvsnwbnhjkqcwcrkoebwrazyqfxaueingimnuezcpgmgyediygujcjjzcjizxwqstcgtlgpzlnpjwguepyuvdczetnbesncnftwmpkhcznasenntworipqhtsigowurqnazrnccqnqqtqnwtzzcbhvengkbufdjotannksyvqybvwhlevqrsqlkctaaonvhlkzsesiaalsifyafhukjnumjgvvtuzttucgcbhnvdfqagqxrxrlivqqrosswlovaenatysxhahavqhjvsruplynoezedwonpadmoryayaclskpmcurpkrjymarpwonluktbkwwaitwcxrnnhovhmogedpciogumdrlsmwbaqvaxkysoyvzapenkezcxzvgctqhnomgdfqqcblpwuhhjkknxkcykgbwtvvvfcgreubzpuoajwujnzahxsfdvxzsmjwfaulzvvxolzcwhkvfsmwhrxsnfduiquhtwbkwsvhvtlimsyvsfichqxexnzymagapzlcpekjwghqvylrthreybcigyhyyhsaqbpcittrapuzlbnzbpbpfyairgucwxpwglyahoeaxqzzswajlzjaegveihkviskwhacujnhojpdjaeqyuawkfrffjlblnnemwvlytoukdpuascjgeioonytisozjlqqztkxjgllqsitlhyoudsehzsrwiidejzehnejyrykxtjcsoqzsuemkaqgkvhhdbmuawjwrnvtznouudjupelzaddiqtsltvhvhazrhwogaqcnlcizvmsoqrjszhabnoscrsvetnxjvxrvnsujqdpzailcadqdnzojdmlhpqexdcmzecfmkudctlkkzhoxmmfbjipbwchgeelfggexbjverhdajpwxiesvcjcnklgrrvghcurfppinrjsbgqtknlqskgbwipfablfdyocvcfctgvugewjmzjqspevqjcrvbbfkhxvholvqmsrdyutqfnhaockswnypbsnrzeufwxwfugqydmzhqanmufqocjnfvlwpcmftsjhxqyvukhkuwyhdbyfdufxncicvqjxyigcivrmadgfgnxrktqjswqtxrzryeigcpmdfusavklguerwxtrtghdwiztspucmilpnzqzrsegnqyjozjvomqlydhotuviztepcgsjmptpbtpfowavjwytkwtveccqfoppriqxyuvbegqwovntoggdppirwcfupqyczkkebmdkbxqaicsexvmsywlnzsifavossmwxhoqdvujreqvgxkcrhuihdggwzlgpnefwyddlxlrlbxaepqbnowfhtovealvoqhsuymjklaqutwtcttznjhoshtdhvhwgvvpccdvhgskwnxiznhcqmofmepqdknxdnzusgddruonqdxgakhgseyxbwwwtzhwzjhsgggniftsrjeeujuglrhyggunsnsicvqvqtcpwwiiijwwibzjiozdpvzhnrvguhikhmmawmnwyxguuyrcdpcroursqavdmxdvfbshzncykspsfpuuzrpksbecsvevkityyaphbdtwxzbospmbyebrdiuotgwrwmuafhkkcxewhrdxphnwinhrjguvuimwbjramvdkjfowfdngjpsktajrrnsyvkpcxdepcrbytrmrewzuhxxrguflgwubdwcnjoowxhwzvavomysdbxzzoajojahznhtzggppvpsivzcxvjvpgkxbybiekqsaaahifzuvxcjryhykhrhfzkukyrunitvnwsfuatjjicdwxzawbaqyqxhjpkgxwxvxyhposnoevkduailnmsjxntuyjhhmjnjbkwbiuycbguxiupjrjxugrbkgoxvhoekkrqcdfwjqvfmciwrbbgfjammiudqerlzgyhtxulkgjovxcnfetnhclrfjtavckebfjxjzihyueurjzlxxwpctiwfipwyhnsjmujpzqxdmhzsjzdndwahggeoaswxvbpwihxbjgxyjmdwfheuvobhmitmffzkylyyiyctrfbpqhgfkofztenjviyjfulfgpglmfngjjhcudkxrtzthgtellxghegujxypoyzojbdnkyomhwctpmjrusfhrzuvfayulzcfuuhddainvncpsliltbvhiyrncvdyqymzlcebjwekzuftkmuqeiczysektqokwsxcppeitfgqggkhlqngnluobzskdfjpojniomyodicjhpxoqmlpnuzudmaausxsxvvzshxvyswawuavekbyrojfacdepivbknggexayxicisczirlfmdbnooewbgrxmsqeewqhlkyoyukcfzpwexxorgiddkxnijptwhcbwmjzxeemxxcsxtjzyfvypiuwlalhvmsouyxvkzkwwdfqwqgxzsqjlsukxqzvitqcerieyjoizoupdqjzuvnoceyrwwwejkumthdslcdzpmxeiuljscywjiqpoqzhpuhwxkgjkrwmeipnafvvbaypduoykcrhtlrbhxszsjolsjxikjlcqhowycxbmouymgncykqsapnfhzsutgbiskxkjgohrgtceeeirpysxwwsinagkcqytijgizyeetzrbqdxcvtjolxrobjuylkecwzkdulihkyicucjlshibdniydtrwljekbwdmcsgamxevpggvxirltmgorlbgclheuuypjqibegpulwwdemdqbfpbgjinqdfspvtktmctqfasryjbqzyksptvrpaoogbynnfhfdgaxpchumxtdigidapbziuwtkhlxzlmfvhowzoghzucptezrgpectvpfofsxwttpeuciweieneycwvoedarnnbdaecskgxtdnvnbggayourxdpznmhwxrsppapueosvrbiaaejlxlirafdpmegacdwhsexwcmhcnqcqypbjlrtevgyhfbiktrrufmkwdawrtddtttvxmwfjsltgkjtmvcfgjjowfvuqgxrydnrwrtnsoyzevdodcnmthwceoreanhdqclpthwaigwamvtzxoezyeghrkjkwqgcojhnhhhpuiaziqfjjqcpwqgtykvlnxeemzgespvctkqnrxjqwyzrhgrwneienvdmmjdzfwrvaqispiczhwnxgvsjawemrjzcnytisxtvscvgzhexxcezilppeubqppzemxwmpiwpilkozotycueyqywlkysdidxfbbzcxtshjklamrpnoptibgojllukrkeybncucqmxvlntvnalpnxoylhdyzpzwwaxjpbztqeyjrdkbzdelqffxrnjqjqtmiikxzoycyaoczvpjwbxanhjedddyezkishvwhnvgqbcboeduuoghjabbqcnnngnkeoqgtwxuribvunxnjykdcdbyampsxsxvkvrrbkryokcpcfnjeupurzopycdbmnhhvzcrfkjzdbeqnjidjqqevwjgbapokwudvyijemmbntcudpnxtrpkcyzibmtondhqwfyrzjsczoflaamzhubwwjnnqxgdqpcgpolpyllupiknxbiomosqvigignuqperysywhnykiokmphqqurjpjyigeqyebpxdhxmkdkfxrraqetbhuddsxahmvfbmsjprrusicsnqsyzmslyxnznlrowryyjyghictpfthsjxdhrchswlnravjlpzzjfaovyfjwiheqyzvzpskwoxqthtkswkswvpedtcwgckbkcvmxtvwtnfcckbswgvrymkhrjbslzvrkntbobrigmfwofjhezcwbxvgokdhdwkshklhjvftsswkvpodgpefkszwsnpargcmryurkgcdemmemgivdytluratyjifpgncomzpqsyqfnvnksvpdhbvuugnmdnfcccplwemmjufxijwckzdbdiwdsgzxtcoqhlywjtmuzqflwpzwvmgtsqyrzjwofqelqmwsryijectpxbezficdxextlziviegezedjzhexmyrskjhklfgpkdvwwxeyeqknxxlkdllcrvdeftzztznzsaggkocbzmmttjkruxqarhgfwfkghpbtzoulgnrnwofdirpxcsmlsthfhbvudextvffhutooraqqfmlpoycpcbwtfbkgmpdouusjkzrlzleiqrbwtchtuergloszyjakhiwpzlzlyfmrozcxodwjvxfigytqvxxewyjujbkcdfbofsknmwkdiigrvbowefyostarqziphjwvwqipevavdzsfczgkljqawsjyiirzjuuugkxlzhxbpgimvndklpmzppxoyvlfaagsczssurfsykiwrjzzrebbryqiiuxfntsgblwuodkudwsjunabicscbeamsgodvbxwtkchwhhnetsfnjcqtptujzxtngzdlhhzaemulvrluabirlmlmikxspomrhhkxpzegibsycnjsycineaksqrtwdwgtyxoslasdfepdnrligrxeswleaaxiarstqdhqsiepmwcohsnpmgmzhmvoofbdrejgyftujhnsqdieiazqqrvyhedhrasnggszflpfbocnutibgineldusoefjxhoftrmmmmixuovbcddijwegpdhsjcdvozksgjesmhyfdgodahkaqzorgufyojwdbolpupbgudslrctvripjztheiixwbrouxxatfxzrrsbpulyxdrkplmulmvprqdvyxvffrbpqszozlwsjpbblrjotypnkrffcugslltqvacavzmpvbeyeztzbvomfqxltyevdhrvsbjibxnxixvjuanooavieqagnxgzqjyugcddrkwrvctoceuotiubaigpibsjzgirdawzltnkodkyuianfgppzwxblpasuzsbvnvxptmskicstsbixuturenrwvjgytirmfzeuqsedkldluyjjdzmqhenubpyrmmsubfrzrjifnvsblkgximthdwmwupeyrfmthnslbudvtnnkyorysfntszmsudbmjdpqqxvvcvzobsblckhotscthwrxuwgwfitogkiwvwonozrjklyuvfavcpcrhaxlkmbrkmtchsawkkwwchtjwfiqxcxqtoqfwfbnuxdazcstdioawjpfdwcyryejgplredkkqyzqdqgpeervixwmxwgvdazlgkytfsifaxkgnksqdhljrovmwgzpupjlmjtxdojhqzglabxfrrtmvjzsgffksdmyjwemybyvfpfcshlnzhmvallouhghjiddyttfzoqtvryzaidliegowqpepfspbjqjtsiqszrvmpjzzhhqryxczedqifjxmwvbliimdjcdzgudkwynlmzvizhmoshxszcukhvfqmmjcqmtsicjvshimljmfqnerbqjegafaotkhkjdsdytthazaetkbitshqspwgdugimdkzqgjdvfmkpqtvzpytcvynsisxkhvnwamlflwiregnftconzfcjkxytqirrkronkhjdrxihsotvazdaewnvhvdavmlyklhkldhojsblhfxszlpgwgwosvyjzdsvtfmxlyxksaacmykmigxpsnzqitahyxnntgkxpxbtzqjxozymfynolncilmyhzhjoedykymezyxblehscdonmvawtqfrekkvakofirnmsaphktetoioyphthbkuctdvndbavrqquvdjrdiopkqcddhpwzetthunixvklhcqwelstnzyxhcgkvlngryaebacqbfykepgiwwohrdtiyohypdzozpfwddbataiydymkmeqxcihvoxngyiepjvsrufozkxgzuwsyujxgkvhlqyuyfdggpkyigubvwaffwjpjvhnjtbzcldwpluvjgwtpmqupfbvkfpypajumxxykuafnumrdhlkvabprmmoozrqruumerrivtulointozipdyivvxkodaarqhyycivkybwjcuropspxiefzvcxrjcghdzolmjcbbetnukxrooeqjphfwepebxxdkykvkjkiwkvnpipcolapjvobtkgshspadlpaigefyxvconyxozkbcscsridqllhqbqnyqxdhleztfubptmrxhnccylutedizxnjwvksvlufpewmpckualytxsggvcypvyfkudsfsoovbdlkhkpoiyjubmzazmdoepjrnsfbmqahaqdvqkpoqrrdnbfmvtkecmkforwolgrefsaaiegippndyzjlmslvreurcalwjjetsufyrlshnboxxbipwfgmgcxjbekhovavyzssxvrdxauihuhvwmirjepwcqrrnclkknsbxywxwhjkidehvyyrxesfljkkwttcoarrcsxsbusjfxrzfbeoiyvogeefhtrwfshyotljnzsemfguczqzxubbngawykzzqcripdrllygnnxmenfiwkkhybxbfilhzbwqkslpjetigwgiucuxjnjsmxztauqioszzroarjdsjnkqkzlahhbtvbzvtyoeumatnvfbolacimquyadaldcbkwnzditgjkkjlsrsskgyriquggzedohasyikcccbiltebvjwnruvpflvjscfijrklfgpatkxyzsqccmxepfjhuytkwdxygxczafybejwzvanzhtfwiswsvfykxlrqvjvwqjvoeexcrykchqnspznpnsnyxdkpgdlzppalyvtqnpqeljjvdyuyglfwroftstcznrcafocikbganmkeuiksfaahoqxxaosvunqxlrnscozbfuwakbiieepptbpemezzdbynjpgcjcmqhtezjjdbswlarqahsqbnjrbhjlfqsmhrqwseynzgffghnzrcslstyzcjafownjbzupjbuizvmqxqoxgrfccqrczemalzvcxtqyrsgvnajurxgysotulrunwdmxmjvqisyidnwqvwpsewnfhwknzjbatxsnpdwmaxiyylgwfgmyryhbmtiukfakrnqrvqlqqielcryvjbqitwhqwufcujnqjgcgigpkzkorrvqylxnrxasxqokuxmsjgvrlxuqiisxmqrrcsorhsfmtiqveuaiapfscmogsnnhtmbljgtuenhpibrvcuzvnyfokkpdbxmgurfzygqoadwmrsevstrnuqmcjepyclvkokjvfvjgmywcesvqkrcxftqqnafpxqenubhivzqehbnivgvirqlfovzjpnqhhvkzljlmbnsdshlpuwiybnkkonqtcgqodrumstspgncpibndfxybzmpglexhhxiplrxkxwgxofxjljbvkiloagyitgwcwkvqlwomtiqgmmylonlpheokgazaoexsvbbfukprbxeqaxtnutqhbopprjctegxbdiwlpvcuhnqadarjxsyyszfhigbfgbduuyejmkbwvozbwxjmbwbjyjgntrqkzlfvjwkmwapbaeodddaihypyikxcrnwfjnlllovcqyhiixpvyhfcbvvmlqwwifxzittftgxegewjbtbclkiagsrzokwppdpfmspgzwfqhzwqxbecotydgisoxrmqgdygfgemuqyptxftbfkpzmkknthjvxouhjjskrgbvjcysrscmlxtqzafvjkwktchjlsxwplcqveehwzbbfgcvonprisijftkporoacprchizibadjyyvltrlfbjclfkhkwjnxfnqgfaunajzpmhshizjnvvejlxiodwczlvmaloxkcolgyvrkvjspvpaiyeniunauwmlxcjfkgihlatpjeclrpjqhemzwoaqsefklnuxyurooeumvwpksdvsagalmhmgzogwonjlfdyesztsdqdvdvojdwrijgsyhzopjiuusmpzsqoeakfoxcmvjsmrspnggabmtbrsuvxwqolkyeopaeeretbqxsuoorcytxmwkesktufqbhwtvoavkpgfhrmclontawfcgymrcifdexswltrlcblplpkggyknqoqtqmgydxcrzptqzmknlmgyybyloybbxgngobfeghuzuwbbhddglsajqdsrhduhocrnnqxdbgocaubbkevbstuptcomqoxtclauzesgepgeozbzysmeogpfzygexpqhjlklsjkgvwesixcmxboqcrefuisvkntdrfdczskhbjuinwtvtelvnhgyckomalsykorwffgqaszjrtfbuprxmcjaukyatfvtzlyrbomnwohkwpmnfcgwobwkegylegtezszdinixxjsqdqofryrnubglxlcuozqlkregiesmimlnsulvgqyvvscrrznvumiafjhgjbamjeygkjqxmbpmdziirppolcizhjqeskxuhnhhkcobatjiqpnfaahvrjuaxuqsykhpdwxderqyocwdaysadegoazehzuwgchukycpkjjxcivtwzkdzqrggexncysxnhikxdzsjotqptpdnchmatjqjtzpyjrphbuswkkihmjwdireibbbyqekooplefeiytigrkimrlcskrrjrglzxrfzlpvyuibkdsqbdqxtfyaucjwmtitagwucktszpsvstjoaahdpnrookdxvxxrpjryzhhjkxqesbeolnloldavbmmxodjcrclvhulguhltwfkgzznrfixefgjkbpcvvnodusqgrqxkvfnqbynzqiguxbqhnspxuvtuwvjqjtstetpekmfdlpnjfiuibyrximjydewteytjlwsebijoschnukcyhbwlumudtdexputygeirpigwpmvrzshtyddhxxrkyvjwwsjczecigmyncujfokfhzlseaeyjbnnzoinqcwcupobjrhfvzmqjaefqytqydxvhnelezufyozbufnmhftoxorjtqfnmasslrkpqqetvadszyerouousmvclztbiujnxzvuvvbxpmsjrrmzbxonqwguyeonpmoscyybuoiktybzyhmobnetjvwmnjdmhrhzhfwatjipgrxbhwpgkwtfpmneieukqstekvdwauscfjhonrzumeliwzkfnaboaiwpladjuzypxaanvvnobyvhllmocwsppwxpvqeyugeherxtauekuheagiejzdtscghmcrmqiryrbumxslkybnxlpstddcbjkqatsiolchjgogdyquzpfwfpeyewmcqjxqnzregoesgzdzxjrbocuvkdleprbikukmzlumzfbuuakvljswmivevlbslsatwvbxsgiolnqkkakwegiedladnlycgvswzbtlczxpvxzcukzlhxtldwkmdktftitbkyvgmaiishbuxmoppngwxwyhbrulrpmvkhgpsccpertcgrljlfogzqbkofdkulyneucqseewawckxfylgowboajessxthmcpeghkqxhqmoaaryftmysprblfquztathregtvrqybiucqslrvzgtmbotxzswcjglxwlbxtokdstjnydexcozkhwondslhpdmpjhlnhglydzvirvsnhnkrouyazvthwkpwuavgkwgtoctrmqpgsfydkuzlkayuhgyedsafosnpmkydxoltyzskrpbjtgikwmhbzrftpnluozlrjfdwpmqmwujrmhupuvzsbakxsxqjhnkrjissrwnaavkdwjpasahzabgkuojcycgfspvargfihtnmkmohahonsvckbkfuwrdzzzgguqwawbrnzvazktqypoodscnpxfikhlbkjwfxxfvbbokklmzkjuqgolacbemtkfscertfejwdgcsojkvdzjlapxmtneutxfktvgvfndjjnfhmyfawrzcjcmulqiptrqlsrzvcbujgsaybeyhtpenzlqnuqoxdlxaouhtagvuswwyfsoixpkfijhjpolzglohsedzimzxtjggxfxlkdiildmyjqckpakchxmrqgkivjhtcyodmlvnqzhgceqyvcofvolzvvfkfpyzcbfdzzoskdbbzdjemgxborlhfmfajwlbyineywochzdlpfnevrdufdjfqizddldwhjzrqyxidktvgyycgdyagimgcvmmqvjwwbrruriiayzxtnfbslvrzxzhocmdihmofahotsbkvheogrvpooaygyuvltadzmjsyigdzejqqmcetxxcfvmroccuteuijqpniakdzfvfaysbdbzbdtajxwngkxtagignfmolqqhyxagvyyegdywrvlxcbogwzuhzfkvntttraasuygibxwpszjewcuaixzdnlazwwpwuzduzibawywlaglolbhzngrgjzklcjdqtuzqqaornvdjkecjvciwwkwmsjlugdhoxgrzfidbcpymqznzporvlidhrzbmzkobyvmetcfgzspyihadrwhbtobngatuinmnhmuhmasodktvzxwysotdizvmmbybaasppqqexnalsfdmofrclhfimaqjqdfvxagfuultipqygyvvpccccwyujibpyszifttolxftptaznwcnaewnknbozfuniqjghbfsmhnnhlvcdlodghgekonqyibqrgotrxlpacbppnevfzmyyoyafuhbivgmjykexctzkltzzndtcolnvqzbmajrwmgagynghfanbleotabgolozmkrilwggquxihzgdaztsbnajgjsjgoywxucqhavweqnjzehwyqexyvrjjfmfocfqdgokdhcwhxgaefnordcjiuuntpxkdlrsxnldlkprxsvokoneuelmthtcgszuocpnaqfabgvbevdssvicynefgpskfuqtorsbjibzdyzmtvmgnglubastxaznghsfjvayahujbeqochazgctilhuyghyohlacpqvdbzlwipwugknxayoyyvhzeveakatpjijnrxerokytvcnpffyzmhrdyyfbuomqxbwlrviivyiagppxbotkhqcxeooivhqquptggywsonemnvtalvrdvpvcszkxjqowbazzktrljjgyqpfupoxdsfeeljbarrkvvkhdugcxeralikbnggwpyqvejjfyackdwpoyjcvcgyuwpfaaqvtraioqrvgxbtcbxxpjlbwpatvelcxzqjpbcrzakbykxhgeztzoofakqivslidedpkadjqfftjuysqhdpgdvaqljciyvcyvfszlqsagtycwpfrexwikjtascotlyhnuaqkgymiblsjzxxulqjfolfmkcnyrxkeaxhrastvpbebwxdvpkwqzmnulyzclykcpazjrjqbfua, Execution Time: 13ms
Password: RLKVBSYYGGIHXNGOAEJXXUYHWKVWBPUXYTXZEBCUUKBJYIROUWSROUGRGCEYNATVCXQUPJKIYVBMPADZSSKAQKCGNEGZNZDCFIWKPPWDNOWYFHBDKKKZBERCAGJWYZIATRZDJKVBAQCCRXAYHHYCBJQQJKAWCRKVCRRXWKQLOWHLFVNZMEDATGUNZJCRJMWYWVIGABVNVLEQGYGNONUQQFXDXJPMRUTKQSDVQHPAIOXTAJWNPRDYMWUKZZAHUIZPKOKLCPUDKXUNRVILHQRCVXCTOFSWTXEWUKQCDVJAPNKFFHIVSQEHIEDYVXQYVSZYCUZFAKKJIQHLWJCDJUHQIKVEYCKQGJUVUTZASSJIZLAGGSSEHOVRKZNXEQWZNEZLOVSGFOBMOEAUJXJBJOEZFFJPHVBZNLPYCRQMUNCLVWVSIZNSVGOEKFBDQEXHFKRKQUBLVETHYIOWQBGWULOZCXBXYYKOUCNZCAATGIOAAONDXRJKNCJZTPEJJVBFCGXNKBVHTOKCGEBSGPYPAYMPFWLWKGISSMIQSCZDXUDZMFMCKCWBVDSNFJXZGWBNEAKZIZYISYCHXTMCEGWQCUKABOOKYXLMAPHLVJDLWCCYHDYZUQKMPVRFNEAVJAQVOZNTSCWVGRWTUZLYLEHBQYALTPGQXHRAMSOHUMNIEQJLCWFQFDGIFUJLFVQYJQMVKWWABRXYJGSUEVBZSZQPMHGIPQMONEWUZAAEWZWELPTRGFHHRBQHBHHBTFUIINXJZETRCTANCTMIEIFBFTXWSSZPUSTNSSNIRFYESXXHGZAPZKVKSZSOLZHUDKBBSVGAHOJMVBSUDZEMSMPMLPEHXADXRAKOUTZTGDWXSNUSJCIKCQALTXJLCHUKYJFKWLZYBUWMYSQKYRWNQDBZTJMLWDNPWTIMMQDAVEKRAKDCRWCVJBNQFZCOYUEUFYYCSCZZIIJJLEHCVQHHTBRQNVCDDPPVFKZRZHWOVPBITVSXDVMBMRRSLZLYNUSNIFIGSVBGCSNFBHBXSRGDGUAWSIVMZAOSZHXRJLVOOJYDXPIESHYJEILBJIWGBRKANWXXIGNUUCEWVYWUSBERXPWAYFHGAXHBBDDGCOSUTDCOCTZILCRZFZUYVRCTFWAZHSQCUSXUGRFYANKMDZLYSKDKMHJAMBAZOGEISMTHYNITAHTRNRFYOPVZKAVGTSSBYIICVMWASZAIZTWPAWFIDKHWZTMRPFGWNJJMIMWMWYTIAAAWYZKMNXWRJJROXCAOPZSHWMIUNAKIXVUBVEDDCUNCVYZMWPKIDTTRBPAXMKQZOWRMSZZWGIAOYHODGSBXXMYVEBFZOBLUBBTRRVIEIQFUHYPPWGMDPRFGPEJEBXPDUUMXJPUWSXCMLBXGOMQRQZKKLWMELGDBFIPYLKUXWERADXMOVUCBWTOKEVUHWJKJLSPNLGHPBCSWSQMVGSIJKQXNRKDBVMKOMHFWTEKZBLOAWGTRGJYULFHCFQBRTEXGZXENULDXQKNAZBREQMXXDOZFXBTXXNHVFHWJHAVRARJZHHEIVUQHHDBBVCHZNQCWTXPKPZOTKJXLUMRTQDJREVBYWFDVKMAKXISBBRUSVJBNNCVVDRXAEUFIQOEJJQATFXJGQPMIWOVYUYNVTQSPJJMVIOWZFVNWVZBIFFQCESULMABNGGNOXLIDEUOUTWCRKJSWVDJFWMZBUMXHOHFNPBHMRZOJYIYAWAWKJGKKZQNJSPRLUEQVKDOQCYJUXJPXRYIINRECMRVXRKDZGRCHVSQZUZQAMOYTKGADRAIFIUIMSUMKLHECSKRWFUMIAUPRKGFOXDDGALNDYRFWHGZGRMBFFQGNHXXCFHNFSMCQPJXZMGTHNHESYMZCXQTDRDMILJRZGONPFGSUWFXKLDXKJFJSSXMZGFEJFWHDWCGOKNMLGOBDRCRCDHKITUZSJEKTEBACVZCWJSOIHNLWGWLOHSHTNYOEYJLTAZHETOGUUELNXDHZSLOVXLSOEJIQIFGGJGDOTFTJFBYPDRGCXLRNRZMVVOCYXCRPITAQWSFWYZNCRJPCRRMLBOJAAAYMOXQOVMTRPPOIYVSXVCDZYSIFLSZBNLMYSCMVLQVYGDRNPOUIGICPNDJLTPZTFSDOMIJBVQGOXTBEPVEQNHWIXRMPPLXKWFOBIHPHVUSXUOTZAILDXZPYXJSWUMMVYWOQROQCOVIOFUKOAFBABXIFJJFIANDPPCTLGLNABEDAIPXJAHKYDGHNVFPTUWAZDSDKJGLHVBQVNBMDYSYZHRKSZPXJJBKIAKDTIFORBCOYBPQSLDKPPKXYMERCFBKVVKTJOINISLWNXKUUOUGDATDOJACWGWJPPFBLHMUMFZCFTFBWBFDWHPRSGKAVLNEUBZJTOACMOMZYQEOBKXYMNVUFUORTPRTCBMJYQRRDTONBCUALHYTCJONBRGOABGSJXKTPTFHLHGGRULONPHAHUFOEJFOITCXLPLIAXXZOKUYKSNNSGFUHYJBYUYAILMHZMVAQWRJBYZPUSNBLJGVCUQRZGKOGWJBGQQRZRYNEETRSSFUSODDAWCULVKBRNZCICHMBWKFWNLTZJMOZKSAOHAOVDPUONUWYJFACWGLXRUDEWQGRWWYMRVZLGAHRZQHDIAMJFLWHLNTVGZSTSQPPJDVVGUSWQTPXUQFCXYGHVVEIOGWTMPTEMIKWSROWJWFZQVYTFGTBVHJNQNJXKMZDTHRDOZIJMXROUZWUDHRLQATGNRQTXZUXTRJHRMIUHFLTHOZETIIJYIZTOMCLOWKUNRVEVDVWPOPVYIWPMWECTTLRSFJLJJCSLLPIGOMLCILAHUSLJTHLWBFEPAMZZTGOZKCRSKSMTWPOOFGFWYHBAHVHTJMUZKXYSSEHKTFWETZPHMVWXAEBBPFABNINOXLVBIPHWCCKUYKANBRUMKGDNSIUOTQCAZCXJAXDRUXXFPZRUBMWIECXBVHFAWPYYJCWKUFFUXLGWZDZWZOUXOVOFSSNBFLLCEOAPUJTEJOTOSTORLZUNMBEYTJAHRQYPHVQTFMYOQDMPYLXSDXYIWJOHJSVBPPJIMZCXRBVLIDTPYCQUEKWBCLIGFDYQYYIUTUYWWATRYBWMBIYWTGAZAURSTULAQIYACZEXWVNWVFFEZVCAJCQDPXPAMCEGCUOZWNJVAQHULLWFFKRAJFCJLQDQPHNIJUGBYCVISDJTEEIZZEOQUQKDBJNZAJPNMNWTWLPTCVHASUKEPZIYMVNPRWKWYZKUASMBSHMHVKHSTKKOMXTXPBAHFZIJKNVCQVKLRIVJKUYJGZGINFHAZAVNEFYPGQVSLXBKQPQPRMXALUSQENGFRNYQDCQORIBJNJHLRINMLIBYRWPUPHJTKVEHSDRVHCHBUOQSRIVICMTOYUKDDTVRDBCEIIOODTUQPUDIFARFPTGVPSBMWUQJSFHJIYWYPFVDLIMIEQDPWCSNVVIKWKTXRUIJLMKTFMECRELSNPMQTQXDOIDGNSHUTSNCNNUWKVNWGNXJHELEUYSRPZLJPNEJHPJWRPXHOUSTIMJJPEIDHMCFRZELGTYCAHHRYZIKSAZNNVVXJZNUICXEQGWMRVQLUWXPEVQRJKKFWWWRNNVEYVZKLTTQUDEXGGOUEPMBMYXPCUTHYVKYUJYKWXWILLQTPPCXDODHWLJDTTYIBZRGZDNATYNWBGIFVDBWOWZBWVRPWZSRDVRGGEYUYRKHTNAQYBBUKCBSEFGUEGXLQYDPALXUMPXUGQFHBIGFQOXMRGRRSIRCTYKGWCWCBJMTOYBOSNOEBSVHLSIMZTBBZVORHKNLHEZNLNPMWBDGSWRJFTMGVAVYDOVJMZHLSGZXNOHFFDIOFHJHLZSYFXBGJYOFXRLEBFIQFWQRYXPCLEIQFWBINPHKTXVKUANLITEWPDCCLMFUZOTKNBYDQCHYQKAFFGKUCMJEBATSERWDGHKAXUCOXUEYZAMWRUEBCHEZUZQBZZTUFYTITZZGIMZMDAXYZEXDQGGBKJBZNOYHLMBKZPARBKUQTKBZMCUZPIMBQYJQIXYBBTFTYVKROJKJQCIDSONEWNIOKPRYMPYFPYTMIZNIWUHMTOPIBNGRTPXRJEUIICPOLQZRKDGRSDJEJFUSGWVMJPYEHITKVTKDNAOQUHSONJWVHKXTCQSJDUUNCEQJLMUXQERKLWADWYEEZVQCVGHKHBHGLQHEVVVRMKSYWMIWMJWQNCHYVZSAJBPVABDDXTIBTNLPPTQRZZLVJBKJXVFDBNNDONSWYIJTVKBLXVIYJMVDBGVVVQRYBQGBYHZVOXTNAQHVBHMHHGLUWZITVWXUFZICMKLHESUTUZIJXUGUZIVWYHNLZHIUWHGKABUHYUUBWTXDCCKULVXDXJKCZOYAJTTEHASUJZHZYMHMPCVDQETORLCFCMJHNXIWGVSHGSGMZEVNWXWNCHOBIAPXJIHFPAQPUREGVNEYAGIDUSRRAFTNIYAAXBAGTDSPKOCNLJNXZDMZCRBXZKZHYHTMUAFLCLEKXSVGMVPJOQDVHLOHEVNEANBMMKNDYMJFYZGUBQHJXWPHNYLGDFZQOXWOOPGPYSJPFEPHXKFQGNSMAGLGCMLIQGVXRLEGXXCDINBJWTQXAPKPDQZMFUCOSWTGTHQEHLCWZXLQPQYXXASDYEULTSPTZWFWELQTLMQSIEZHRTAZPTGGLUGMAKKLGBBEUIGJBHCAPHBSUZEJGYZKEMEPRXQEHLBZUHLUIPEIJFDSQDSMPODYCWHEZGHQIOPZUCIVQEAIKLWKUKUGABFZFZAUSUFXLWNDQCNRGTVXZOQHUOKUPYMGHLUUFAUYFJEOFRXMJVZBWDRHQLMMLGGKWZTKSBBBTRHAHMQREUZRCZLHUZGZRAWZTPXCKWOUTIIQQLUEUVPGNAENEEWLRVLHVRRYWAZLPDYMUQEOFCLFSGOUAKRMOTRJAQPEDBJUBZSVNFCTAHMMVGWOKMBVOSGWJHBXVRKOETFQMISWMFPBMSDUPRDSJHPTGSLWJNRXWPHECFCLILIJVHAJLBLCEHKZFPAUGIKPQFWDIQNQRMSKLZUHUCLFAGHSWIUJFGTUZQHZMVLLJJEUVZQWJHNDNABOHFBQVEQASGHBXHKCDCJWWMOGFBOBJLOHWBVRNXJZQXUMAUUNNXKMQTSLGFPUECMICNCFISMDGLUSCECRYYDQKMUTNQYLZFTTBKPBGOYOTDKCZSSEMDQTXNLUAFKOPDCDTLZXJRVGNMRPHDONBGQDBWMXUXLPYGKNEWXBNVBJQHPHQPGTTDSNNEAJLPTWIVZTVAYQAXEDGPBTHXDJECOOLDHBYGOZWQDLSTILWGXRXVJEEIDEXBSEEEXZCIRHPUPTTXSNIWDDFTQLKCMPIPSNFAGSJUMXGSXPQHBYREIPKZXEASOORWVFVDGYILCMINKOMMFHLGQFTMMCMTFOWLHNWMUYOPWUDFXRAPSXESYTUHAIGYXJJYOXQGGMTTPXEUGIUSAXHWCXSQTVOGHDLIPIAZBCBLUKERZPJRZWXVRNXECGHMKAIKQJDYVEAAGXIMVVVKBNJZXXETXKBUKHRQHGROBGRLRETHFTBEUFMJFHFEJQJJWGRCBOPKOSDOKTVCNRNRABUKNZXRTGQXRGFDQKTAVNJUIKOZYBOMVTZKBXLXLQJYVPEIDQYNGZDWJBAJGNYCMULLJBARYMDSAMNNXQKNOVMKPNUEVUMPVSZYHVFTMVTMUXEBABSNGHNVTHXYSOTSRFXAEGPCROQJVPKYHXZVFTOWKDFWQRLTXZMNAKJQHKEVQQMEYWICFPDFVJWKCTWJBBJPFPNDEDRYVPWNJYXHGVICQGCSYQPXDBDDQNNGUDSVVMOQKDDTQKPNHINJAKQMQQUJSDSRIILEWHDUTOCYRZDZYAGSDUXAMAIRUQXVMFUAJMXPZEDQHQZUOFORCLMDWDOHPAIYEUUYKSFDQGMLQCTHSILVQJDLHNXGCNKMBTUQQFXZWKNOOBLKPQOVHWGYHUOAYFWJHKGIENBPAECZWLXKTREPPSPFHNJQBWURCOUEFDLTHLKMXOLJIULCIKDSAHPJMJCVKDNFDTQFNUKKVXPGWGUGEGKOBHTANKTWGITOVOORHHNNCNJCIROSJRSVSDSXNCDQHSSYXFVZKCEVVJZHMARSKGQUWOUBDZVWYHOEQKMKBBCHXZGZJTQZBEPADDVWGWVEZIRVLATQALFLVCUMCATBPWDQDLNWDSGZHBOAYZMWXHKQNNZWNGREWRZODVVJRGZRNVPKMOINPKHSOHRXGYCIDHXQOMFCIIONJFMZEMALBOJXGUMMODHILXUJXSZHSUUZIXOFNUGDRDQHHYBEJKYBNBQADCKXILASWMZFQRKAIXBTBBQMALLUMBDBKUMCIKSGQMQQUQFHZTVZKUPMYPFBTVWTSOSWGVHMVVHPFXTMWCEWWRCCFBEYVDQXJPZYMDOHDHZZWWISCZBAOMTOAAGYQKHANITGJGVLIPLMGNEZLZEQMLWQOMZLGUDDOIKAADGBIFFALEMEPNFLLBGLYNMDEVFORQLGXHHOUPLFNVDAULDVLBXDDIWBSAULYMRCSITIGGAUDTLIYHAQPCDMAZCGWSMZKVDERKLAVOHQCVGKRHPEXLZMYTIWTGSUCRPJYBVCNBCZRFTJDBTMHJVLZQVTGPWJSJTUYIEWEMSBLDYSUGCXQLKMUMGJRLKSWHAUJSWFWKZREQUJIZHRJKDWUISRMRVZVNBVURGHGLDWWBNUOFXLJVUSJBMWQZIDQGBTJAMIZRUJKLRHQRUXPPPEKIPAFRBOPHHVSMORNNEGJDDQSAVJQGZOLUOYAYDOWDQEBHZBMTTCBPVFANHKLXGBHPYPDTDCRYVCEBIVLZBJRBMQBINMMIRIANZUNQBKMMCABCRUQBFPBZKMLDLBIMGCUITLHFDLUJCQBVCYVKMFCTEYLHQCHKBPBGKSKGGECZITFATXWZRTBYRZFPQOGYTBZCXHMNHZTOBHQSHMPITKBAJLHZQKWZAMOIYEVDWWYGAOEYZTGNRPXFRSWEQSZCPDSCYFXNAUQZGRYFQGPGYBHPJKAZKDQBODKGKVPNHHLFXJVKQNXRWEFHJXVPXVQTCIEFTMBHMCUGUFBKZFETKWBCWFSNLLDQEMLYOLKOTNLWODMJLWAKXCLFLQFPFIRSGEONUYZJIZQZJVVTEAXOJHCGYRIRKRIMLYBLNQFPWRUSQSDNSCCRKERBKBMRPPZOEQJDTNSDHRDSPCMHTRNZIVMXLJCDDKRFICUBPLLUGJCEOASXAZNEXMXDUXHHMHIUBYWAMAALGZLIIYDVJZMONWNHOAZOMKJWGLOKUCNVVKRXGTQMKGGRRZSYODZJHPMNROQVVDXQPCQEEXLLYCUSXRECSKBNRVEPRCRRPFBDJYZNEDDRKKRUUPTCCTHEXKDYVAZOBRQTPUDISBOJHFITRQLIJDSBAVGTVZLIGITWUVWPAVHDWNRXWQCXLYFCYJMBKBULMOWLGWEECOPZYHOYUEQMNBPOLHXHNRFHVDIVZDAQQTHVZJRZYVBZSEJNSMMKBCXPKTEYEOVZVSTIRHVVOBYEPTGSFMTUUBFBXEPQMBCIARMFWZOVXVMURJOOFKIMEALJPHQXKLFNIHGWVTKHCNONOGWUMNCXDPFPJRSEMUCHMMFYWIBHUCRPVSQQEYBLSJBAKMLXHLKIWBSLLZVHQBVZWOLMFVIUKGZXJQSFZTGQVBWLDYIBZCAVRSZFOTMQEVNXQBFREJHWBKAULPKDJGKIYERIQLWMDACORVFKQIXFHLOBTYONUIOKQLLTJJDOFAAIDUKFCTCWDGUHYGDCSGGUHDZKZGLCYDXVYAUJIXRWIZRZNNHDBNRKTZOEBREFSDJFRDVBRVCQDTDBNCZYWOVQXXXVCEWVNATHAZHUERLDIDTAVPFYKCGPGRPBZMLPRMGHUZWDYAWTHANUPBUSKXQHMWYWZNVWYOHTGHMOLTAEQYDLPYJNBODEOTUIWNOPGPZIRRPNYFQMYWMBZPSSACPRVXVGJHMASVWPCLMXZZXYYCFARTFVBHUUGMYYRBYPRRKNFZTNSPEYSSHUSBFUMSYKCVCVLBLJSHNJOZACJOWWDBIQZLUUPSVNDRMIWJJZXOMNVOBLNEUTRWBHOZEWRNPJCACNEXHMTDTDOPXAATVFTPMLJBHNXGPXKHGKUVIWLGCHVKMECPZKOYOGUTFTABNPKCYGTNKQWUFIAEWCKXKYUBRRDTYJCZQMIAJMUQQTZLMFLUBIBSPTRCWIPARKQOMBLAYJHNKSWVZYCFCAXDUVWDRCWPSDPSATUOJSHVGFLWYCDOSNKZXVNGUSEZUFWFMYWFFHZRLNUFZSYCPRBKKQABPTIFREQRYAEAXYKLTPLRLQTUPEXYRQJHHUDGOUQGPXYEPEOIHCSINWSWLLKJRPWVEFUXRJUEIJCUBIQZOPADRENTBOUYVWAGRCBJFSNIPOYBVSGYVWUBPKVIPSYRTWMPQCQUPBIUGULECBUKZQCBXSYQOSRWPCBGJRPOCYUIBEFWGDFTCSKRVGKSGLXBXEHTYVDKGEHRYOULFSLCKMIMKCLDCVBMAUMXHELEGAMUKAPTSWXFDQRKTKRKIYDQLUOXAOWFJNXWNRAMIQDEHXXMTPMDUZLRJAFUMOBWVXVPNDKMJULATIGODXTTQRBXWJMHUQOINIPKEMMLGEHQZURLUCHPHMGJGIABHYEKPWZDMEVCYPGHFRTVFINAHUYHXZDEBQGWMGKHBYSGFRXRFEFBYPQEHVMKWZUVRQXCXFCJWTEXGMKSVQRPGLDUKUNIMZLMUHPUXOHYLOTKDRAVUBLCSBXPNDPSHZDWWRYXWUJPAGVLTVJURXQUDKWGCKWMVIKMFGRXNEQEFGHRKFVHPHWIBWYRCGFSCABXBUVQTUSUMDMXHPEAHVRKLPSJHMUOSPZTZJVHLTFUIKCLREVIOVOVMRGTKAKHLJZZMONVWIIDXJTGPLSMONBDFXPUVPFQRECGTTITNNGABPFUDQJJGYJXBSIJOVSEYZPCNESRXZSPMFDKBONXAKHTWFBDMKDIETSAXCCDQBECYRLRNCRLRYVZQYINVGSGDTZSVRMVCJIAEFFZFKZFMTORTPADMIGMBOMVGLHDNMJPKADMWIIULKZMTNGUGBZPJAOWMQPVYGYTEXPLJWKXIMEDDJZZCYDNUAPYCSYXTSDSTOUSQXNYZDNHUKVAMNYBENFHVQFUTYQIEZZDTUWSKUIAKJWEBBBHKZRFIJIDKQPJPNFUGAZBYZQPRIQKJAVPCZKAPGOKGTXTIBJQHFCOWMBEELCQVROMQOJQRUZHQXGOVIACGSZLICTVSUUQUTALTSRRZUJTKSDCVLCWTIBBXAGCVOBDHXZULPLPNWNAIMJWVKKMIGQGVLUQKSMKLMLLODCVBSIAVAUPRKTHRFMFHICVIDBVAGWQGEYEWTMNMWNUDGWBOCCLISRMZBEPZWSBVKQDSJLUIJQQAFUGXSDLJPLIRWGCWQXVCYTSGAAAKKYKXAGWEZICYYHSSTSDMGGOFONLWLTSSYYGXMFARWJDAEVBXRHJIARPUROZYTSYXFAEDPAAFJORMFVKTTGGAEDFQGFIGPRUFJPGBQNGGTPKBTBTVBJQRXDFDQIBBIWRPQTRCGKSQXGFENQYYZIIUVIBNRKRDOZMVKOLXJVPECEENAJWEIUOWSQFXPLFYLTDYWOEGLQMQZSAYDGBXAHINAXCSKSJXBHWDGIYMWFVYSEDUSAUYMZBBXTUKPOMPDYQQSNTQTOYMZVAXYLGREDIFTFZZELUUXALCUCQNVDQPFGGIJYZKSXKCUUULGOYAXMURLOELMBYEMXCVENOEOAEHWHPOBPXQBEXUYLMSDQPIIHULPIWSYNHCVSNRCUZBEERLHLWSRHYZVWVYJVVJBEHURRNVQBIDKXYUSVXATTTSERAQLEFMMDAPSDPCZVIRYENKTSBJQIAZHYEAGZIVXXZWRVAFTRVMRIAUSNJTVPGUPDVRYRZZTHWFQHFMFPVPUYFWZREBZMQIIIZHHJYWRUDRXCGRYWEGQIWVOTWYQLOITQLCQZFRRZZMYKMEXKHQKCDZGZTULJKGXNUOEVMSTXKNWERYYSTBPOVFGMNZSRUBOUKZIXYDZHAVLJKKJAPHUARFXRHOJAKMJOBUOQJDFONFCMJGRCULDJSEYPZMPRPBZMQRQSZZFMFJTGKSFMCEFQSLKXACAHVYNVRJDXWHFVUAAMTQKOJFOXYXALDVHZJCXZKOSYACMRQTFKFHYSNYVYPPHXTDXVVDNRCUKJXSULVTBCUADWWNQWEIYMULOTZYYXXHQPBVAUDMKRVAFYGPHNDYWLBTXEVQEBSIXRZMJBYEJUXIJTSOPWBQLGUZBHKJVECPMDEIIPUFGGFMWBGHVVRRQTAPAOGVGIWJQBUSDETRWQHHQRLWAZDLBPJKFRHBYFXYXFGZZTYUMNQXZVYGCDMRYNDMETBHHIZROGGYTMXHGYWLRVBTRYIYKGNHQPUQPYSLMVCMILOGHITXBZIINLXAPPONPVUVJONYPCMVNBNDMNEZXTCLLKJDCKCCFAYRDGMLDLXWTWLBVSFRNSXEUGTLGUENLUFELQPLNQKEAPTLNWGRMXPTHLRIUIAQIWTSQNHOXDRYWTKHNBIPBBCHHRJZGTGKRMDLVZIPXVWQRVUAAVZXDHRFLFEQNRLBCTCIPFRAQGPOKIVHCNDXBCPQIRSJZQCDQEQFHKAQVDVMMLSRTHMLRGAKALDRNQCHGZJOCMNEEYYCVMPWKXQKVCRUMJHVLBXJUWJIDJDNWACNKQPSOTUBBUPWOZWTWLZQZAARPCLDXHBXZKTCXYASSZJLWYMXRMGYTFFVUDPMIBYSHEKTFHJZUCMNZLPJQDECCNRAXOPPSRNOUDMWVOSCYZWALBITNMECJJGFDTZGRJUZZNGSXXIQOAKQLMCVRFDNJJGRNPRMBZIYENEARUAIAIUJXHLXJRMJCKMUKJOKPJNWZATTTUGLYCKOGEHARVVZKXABBYGLBCHIZPDLVZATQODYNYGFSRPDRWNUKANLYAHANNNQFAIBZEPCWQMJFWRVBYYNUCECUCHUPXQKYLIBIMCGFAGBOKEKWAVCAITVGRWAQKUNSWNMUKOIKXKADZBSTTVRDZQIMLUZLYQCXEYHUYTFMYEVIXVJZBJEWVOKLVXCDRWWUDNDKKKXWUDEFFSWXNNZDEUTIUGVTLVXYRDYJZZKUHLEUHBFZOAOYIUXDGSVJTQILUXIULZKDCGJGRHGMNPXISHTBSRHHFFGUPTVTDGXBGFQYZENJDWIZTPDXTKVWOEWIJPKHXWRUPVBYHYLCDRTSBIMPYQCZYTOMSMATIDWJXXOHRMIVUWUQFSDRAFYUWMNQYRKXSHEUNOPEAJASXQMWURJLZHTDBNGVISOAJYIZPAVVLVPKGFTALZIOGHYDZSKQYLGIKDGXEVGBYETBJUFQAESPANEOAGHTTIHSNWUCAZCEOCOBIXGVUQLMPNPEVFUSOQKGAROZFOCZBJIGXORZSFBWWTVHFZNDZLHYYTFVRLBWIRNWTHOULVJFWCLJDVMLJOZAQKLMQUFOUIQATOFZGRJGDTASKAQFLYRWYEKFQNUZJNQKXAOHMWJEMJTVQREYWZGUQBVHXFNNBULGUOLQZSPDTLOSPWXHYEJZWHINUCVLAESKESOWPWEXDQRTJTYMOBYXSJFULYFIHNYDVPHYFYEKJZRXJAEDCMQHHGMEAGNXYPPMAWGVYAQZFDXFMXATWTNLAZTMZQXLGCEIRUBXVHKBZXDQPCFXSBHAFSRGHJYUHYOEYOAWGGFVUKWTBTNXTEADNEKJELMQLKIFJBQYFWWAUQDZBJVGYHMNDKUELBSOUECPDXMRHTPOFTTEWXALYMYRQAVEMKULYFNWNDJUXMMJEIXHPBFBWTKZORBIRZIUBZEFBUVPJJXWZYQOMRE, Execution Time: 11ms
]]></system-out>
  <system-err><![CDATA[]]></system-err>
</testsuite>
